{
  message: '🔋  Database connected Successfully and App listening on port 5000',
  level: 'info',
  service: 'auth-service',
  label: 'info',
  timestamp: '2023-06-13T17:00:24.048Z'
}
{
  message: '🔋  Database connected Successfully and App listening on port 5000',
  level: 'info',
  service: 'auth-service',
  label: 'info',
  timestamp: '2023-06-13T17:01:24.812Z'
}
{
  message: '🔋  Database connected Successfully and App listening on port 5000',
  level: 'info',
  service: 'auth-service',
  label: 'info',
  timestamp: '2023-06-13T17:02:26.096Z'
}
{
  message: '🔋  Database connected Successfully and App listening on port 5000',
  level: 'info',
  service: 'auth-service',
  label: 'info',
  timestamp: '2023-06-13T17:02:33.618Z'
}
{
  message: '🔋  Database connected Successfully and App listening on port 5000',
  level: 'info',
  service: 'auth-service',
  label: 'info',
  timestamp: '2023-06-13T17:02:54.217Z'
}
{
  message: '🔋  Database connected Successfully and App listening on port 5000',
  level: 'info',
  service: 'auth-service',
  label: 'info',
  timestamp: '2023-06-13T17:03:16.300Z'
}
{
  message: '🔋  Database connected Successfully and App listening on port 5000',
  level: 'info',
  service: 'auth-service',
  label: 'info',
  timestamp: '2023-06-13T17:05:32.070Z'
}
{
  message: '🔋  Database connected Successfully and App listening on port 5000',
  level: 'info',
  service: 'auth-service',
  label: 'info',
  timestamp: '2023-06-13T17:06:38.306Z'
}
{
  message: '🔋  Database connected Successfully and App listening on port 5000',
  level: 'info',
  service: 'auth-service',
  label: 'info',
  timestamp: '2023-06-13T17:06:59.299Z'
}
{
  message: '🔋  Database connected Successfully and App listening on port 5000',
  level: 'info',
  service: 'auth-service',
  label: 'info',
  timestamp: '2023-06-13T17:09:20.662Z'
}
