{
  message: '🔋  Database connected Successfully and App listening on port 5000',
  level: 'info',
  service: 'auth-service',
  label: 'info',
  timestamp: '2023-06-13T18:34:39.284Z'
}
{
  message: '🔋  Database connected Successfully and App listening on port 5000',
  level: 'info',
  service: 'auth-service',
  label: 'info',
  timestamp: '2023-06-13T18:34:57.746Z'
}
{
  message: '🔋  Database connected Successfully and App listening on port 5000',
  level: 'info',
  service: 'auth-service',
  label: 'info',
  timestamp: '2023-06-13T18:36:02.052Z'
}
{
  message: '🔋  Database connected Successfully and App listening on port 5000',
  level: 'info',
  service: 'auth-service',
  label: 'info',
  timestamp: '2023-06-13T18:38:46.100Z'
}
{
  message: '🔋  Database connected Successfully and App listening on port 5000',
  level: 'info',
  service: 'auth-service',
  label: 'info',
  timestamp: '2023-06-13T18:51:53.892Z'
}
{
  message: '🔋  Database connected Successfully and App listening on port 5000',
  level: 'info',
  service: 'auth-service',
  label: 'info',
  timestamp: '2023-06-13T18:59:19.592Z'
}
{
  message: '🔋  Database connected Successfully and App listening on port 5000',
  level: 'info',
  service: 'auth-service',
  label: 'info',
  timestamp: '2023-06-13T18:59:32.556Z'
}
{
  message: '🔋  Database connected Successfully and App listening on port 5000',
  level: 'info',
  service: 'auth-service',
  label: 'info',
  timestamp: '2023-06-13T18:59:49.735Z'
}
