{
  message: '🔋  Database connected Successfully and App listening on port 5000',
  level: 'info',
  service: 'auth-service',
  label: 'info',
  timestamp: '2023-06-07T12:31:43.834Z'
}
{
  message: '🔋  Database connected Successfully and App listening on port 5000',
  level: 'info',
  service: 'auth-service',
  label: 'info',
  timestamp: '2023-06-07T12:31:59.827Z'
}
{
  message: '🔋  Database connected Successfully and App listening on port 5000',
  level: 'info',
  service: 'auth-service',
  label: 'info',
  timestamp: '2023-06-07T12:33:36.310Z'
}
{
  message: '🔋  Database connected Successfully and App listening on port 5000',
  level: 'info',
  service: 'auth-service',
  label: 'info',
  timestamp: '2023-06-07T12:35:14.550Z'
}
{
  message: '🔋  Database connected Successfully and App listening on port 5000',
  level: 'info',
  service: 'auth-service',
  label: 'info',
  timestamp: '2023-06-07T12:35:26.529Z'
}
{
  message: '🔋  Database connected Successfully and App listening on port 5000',
  level: 'info',
  service: 'auth-service',
  label: 'info',
  timestamp: '2023-06-07T12:37:27.100Z'
}
{
  message: '🔋  Database connected Successfully and App listening on port 5000',
  level: 'info',
  service: 'auth-service',
  label: 'info',
  timestamp: '2023-06-07T12:37:43.933Z'
}
{
  message: '🔋  Database connected Successfully and App listening on port 5000',
  level: 'info',
  service: 'auth-service',
  label: 'info',
  timestamp: '2023-06-07T12:43:21.607Z'
}
{
  message: '🔋  Database connected Successfully and App listening on port 5000',
  level: 'info',
  service: 'auth-service',
  label: 'info',
  timestamp: '2023-06-07T12:46:22.570Z'
}
{
  message: '🔋  Database connected Successfully and App listening on port 5000',
  level: 'info',
  service: 'auth-service',
  label: 'info',
  timestamp: '2023-06-07T12:49:59.146Z'
}
{
  message: '🔋  Database connected Successfully and App listening on port 5000',
  level: 'info',
  service: 'auth-service',
  label: 'info',
  timestamp: '2023-06-07T12:50:37.946Z'
}
{
  message: '🔋  Database connected Successfully and App listening on port 5000',
  level: 'info',
  service: 'auth-service',
  label: 'info',
  timestamp: '2023-06-07T12:51:19.234Z'
}
{
  message: '🔋  Database connected Successfully and App listening on port 5000',
  level: 'info',
  service: 'auth-service',
  label: 'info',
  timestamp: '2023-06-07T12:55:12.492Z'
}
