{
  message: '🔋  Database connected Successfully and App listening on port 5000',
  level: 'info',
  service: 'auth-service',
  label: 'info',
  timestamp: '2023-07-04T18:47:47.937Z'
}
{
  message: '🔋  Database connected Successfully and App listening on port 5000',
  level: 'info',
  service: 'auth-service',
  label: 'info',
  timestamp: '2023-07-04T18:48:40.771Z'
}
{
  message: '🔋  Database connected Successfully and App listening on port 5000',
  level: 'info',
  service: 'auth-service',
  label: 'info',
  timestamp: '2023-07-04T18:48:53.269Z'
}
